<?xml version="1.0" encoding="UTF-8"?>
<testsuite xmlns:xsi="http://www.w3.org/2001/XMLSchema-instance" xsi:noNamespaceSchemaLocation="https://maven.apache.org/surefire/maven-surefire-plugin/xsd/surefire-test-report-3.0.xsd" version="3.0" name="tn.esprit.spring.crudetudiant.services.EtudiantServiceImplTest" time="16.218" tests="5" errors="0" skipped="0" failures="0">
  <properties>
[...]
</properties>
  <testcase name="afficherEtudiants" classname="tn.esprit.spring.crudetudiant.services.EtudiantServiceImplTest" time="1.249">
    <system-out><![CDATA[11:33:58.914 [main] DEBUG org.springframework.test.context.BootstrapUtils - Instantiating CacheAwareContextLoaderDelegate from class [org.springframework.test.context.cache.DefaultCacheAwareContextLoaderDelegate]
11:33:58.979 [main] DEBUG org.springframework.test.context.BootstrapUtils - Instantiating BootstrapContext using constructor [public org.springframework.test.context.support.DefaultBootstrapContext(java.lang.Class,org.springframework.test.context.CacheAwareContextLoaderDelegate)]
11:33:59.099 [main] DEBUG org.springframework.test.context.BootstrapUtils - Instantiating TestContextBootstrapper for test class [tn.esprit.spring.crudetudiant.services.EtudiantServiceImplTest] from class [org.springframework.boot.test.context.SpringBootTestContextBootstrapper]
11:33:59.297 [main] INFO org.springframework.boot.test.context.SpringBootTestContextBootstrapper - Neither @ContextConfiguration nor @ContextHierarchy found for test class [tn.esprit.spring.crudetudiant.services.EtudiantServiceImplTest], using SpringBootContextLoader
11:33:59.308 [main] DEBUG org.springframework.test.context.support.AbstractContextLoader - Did not detect default resource location for test class [tn.esprit.spring.crudetudiant.services.EtudiantServiceImplTest]: class path resource [tn/esprit/spring/crudetudiant/services/EtudiantServiceImplTest-context.xml] does not exist
11:33:59.310 [main] DEBUG org.springframework.test.context.support.AbstractContextLoader - Did not detect default resource location for test class [tn.esprit.spring.crudetudiant.services.EtudiantServiceImplTest]: class path resource [tn/esprit/spring/crudetudiant/services/EtudiantServiceImplTestContext.groovy] does not exist
11:33:59.310 [main] INFO org.springframework.test.context.support.AbstractContextLoader - Could not detect default resource locations for test class [tn.esprit.spring.crudetudiant.services.EtudiantServiceImplTest]: no resource found for suffixes {-context.xml, Context.groovy}.
11:33:59.313 [main] INFO org.springframework.test.context.support.AnnotationConfigContextLoaderUtils - Could not detect default configuration classes for test class [tn.esprit.spring.crudetudiant.services.EtudiantServiceImplTest]: EtudiantServiceImplTest does not declare any static, non-private, non-final, nested classes annotated with @Configuration.
11:33:59.450 [main] DEBUG org.springframework.test.context.support.ActiveProfilesUtils - Could not find an 'annotation declaring class' for annotation type [org.springframework.test.context.ActiveProfiles] and class [tn.esprit.spring.crudetudiant.services.EtudiantServiceImplTest]
11:33:59.719 [main] DEBUG org.springframework.context.annotation.ClassPathScanningCandidateComponentProvider - Identified candidate component class: file [/vagrant/CRUDEtudiant_Using_SPRINGFramework/target/classes/tn/esprit/spring/crudetudiant/CrudEtudiantApplication.class]
11:33:59.722 [main] INFO org.springframework.boot.test.context.SpringBootTestContextBootstrapper - Found @SpringBootConfiguration tn.esprit.spring.crudetudiant.CrudEtudiantApplication for test class tn.esprit.spring.crudetudiant.services.EtudiantServiceImplTest
11:34:00.587 [main] DEBUG org.springframework.boot.test.context.SpringBootTestContextBootstrapper - @TestExecutionListeners is not present for class [tn.esprit.spring.crudetudiant.services.EtudiantServiceImplTest]: using defaults.
11:34:00.590 [main] INFO org.springframework.boot.test.context.SpringBootTestContextBootstrapper - Loaded default TestExecutionListener class names from location [META-INF/spring.factories]: [org.springframework.boot.test.mock.mockito.MockitoTestExecutionListener, org.springframework.boot.test.mock.mockito.ResetMocksTestExecutionListener, org.springframework.boot.test.autoconfigure.restdocs.RestDocsTestExecutionListener, org.springframework.boot.test.autoconfigure.web.client.MockRestServiceServerResetTestExecutionListener, org.springframework.boot.test.autoconfigure.web.servlet.MockMvcPrintOnlyOnFailureTestExecutionListener, org.springframework.boot.test.autoconfigure.web.servlet.WebDriverTestExecutionListener, org.springframework.boot.test.autoconfigure.webservices.client.MockWebServiceServerTestExecutionListener, org.springframework.test.context.web.ServletTestExecutionListener, org.springframework.test.context.support.DirtiesContextBeforeModesTestExecutionListener, org.springframework.test.context.event.ApplicationEventsTestExecutionListener, org.springframework.test.context.support.DependencyInjectionTestExecutionListener, org.springframework.test.context.support.DirtiesContextTestExecutionListener, org.springframework.test.context.transaction.TransactionalTestExecutionListener, org.springframework.test.context.jdbc.SqlScriptsTestExecutionListener, org.springframework.test.context.event.EventPublishingTestExecutionListener]
11:34:00.697 [main] INFO org.springframework.boot.test.context.SpringBootTestContextBootstrapper - Using TestExecutionListeners: [org.springframework.test.context.web.ServletTestExecutionListener@618ad2aa, org.springframework.test.context.support.DirtiesContextBeforeModesTestExecutionListener@1aa6e3c0, org.springframework.test.context.event.ApplicationEventsTestExecutionListener@3531f3ca, org.springframework.boot.test.mock.mockito.MockitoTestExecutionListener@7fcf294e, org.springframework.boot.test.autoconfigure.SpringBootDependencyInjectionTestExecutionListener@4867ab9f, org.springframework.test.context.support.DirtiesContextTestExecutionListener@65f2f9b0, org.springframework.test.context.transaction.TransactionalTestExecutionListener@5fe7f967, org.springframework.test.context.jdbc.SqlScriptsTestExecutionListener@59e43e8c, org.springframework.test.context.event.EventPublishingTestExecutionListener@2caa5d7c, org.springframework.boot.test.mock.mockito.ResetMocksTestExecutionListener@5e671e20, org.springframework.boot.test.autoconfigure.restdocs.RestDocsTestExecutionListener@3eabe84a, org.springframework.boot.test.autoconfigure.web.client.MockRestServiceServerResetTestExecutionListener@46c3a14d, org.springframework.boot.test.autoconfigure.web.servlet.MockMvcPrintOnlyOnFailureTestExecutionListener@38fc5554, org.springframework.boot.test.autoconfigure.web.servlet.WebDriverTestExecutionListener@5e8cda75, org.springframework.boot.test.autoconfigure.webservices.client.MockWebServiceServerTestExecutionListener@3f049056]
11:34:00.709 [main] DEBUG org.springframework.test.context.support.AbstractDirtiesContextTestExecutionListener - Before test class: context [DefaultTestContext@47af099e testClass = EtudiantServiceImplTest, testInstance = [null], testMethod = [null], testException = [null], mergedContextConfiguration = [WebMergedContextConfiguration@700f518a testClass = EtudiantServiceImplTest, locations = '{}', classes = '{class tn.esprit.spring.crudetudiant.CrudEtudiantApplication}', contextInitializerClasses = '[]', activeProfiles = '{}', propertySourceLocations = '{}', propertySourceProperties = '{org.springframework.boot.test.context.SpringBootTestContextBootstrapper=true}', contextCustomizers = set[org.springframework.boot.test.context.filter.ExcludeFilterContextCustomizer@3a45c42a, org.springframework.boot.test.json.DuplicateJsonObjectContextCustomizerFactory$DuplicateJsonObjectContextCustomizer@7dd712e8, org.springframework.boot.test.mock.mockito.MockitoContextCustomizer@0, org.springframework.boot.test.web.client.TestRestTemplateContextCustomizer@eadb475, org.springframework.boot.test.autoconfigure.actuate.metrics.MetricsExportContextCustomizerFactory$DisableMetricExportContextCustomizer@1bb9aa43, org.springframework.boot.test.autoconfigure.properties.PropertyMappingContextCustomizer@0, org.springframework.boot.test.autoconfigure.web.servlet.WebDriverContextCustomizerFactory$Customizer@c0b41d6, org.springframework.boot.test.context.SpringBootTestArgs@1, org.springframework.boot.test.context.SpringBootTestWebEnvironment@63376bed], resourceBasePath = 'src/main/webapp', contextLoader = 'org.springframework.boot.test.context.SpringBootContextLoader', parent = [null]], attributes = map['org.springframework.test.context.web.ServletTestExecutionListener.activateListener' -> true]], class annotated with @DirtiesContext [false] with mode [null].

  .   ____          _            __ _ _
 /\\ / ___'_ __ _ _(_)_ __  __ _ \ \ \ \
( ( )\___ | '_ | '_| | '_ \/ _` | \ \ \ \
 \\/  ___)| |_)| | | | | || (_| |  ) ) ) )
  '  |____| .__|_| |_|_| |_\__, | / / / /
 =========|_|==============|___/=/_/_/_/
 :: Spring Boot ::                (v2.7.7)

2026-03-07 11:34:01.711  INFO 17688 --- [           main] t.e.s.c.s.EtudiantServiceImplTest        : Starting EtudiantServiceImplTest using Java 17.0.17 on vagrant with PID 17688 (started by vagrant in /vagrant/CRUDEtudiant_Using_SPRINGFramework)
2026-03-07 11:34:01.713  INFO 17688 --- [           main] t.e.s.c.s.EtudiantServiceImplTest        : No active profile set, falling back to 1 default profile: "default"
2026-03-07 11:34:04.374  INFO 17688 --- [           main] .s.d.r.c.RepositoryConfigurationDelegate : Bootstrapping Spring Data JPA repositories in DEFAULT mode.
2026-03-07 11:34:04.521  INFO 17688 --- [           main] .s.d.r.c.RepositoryConfigurationDelegate : Finished Spring Data repository scanning in 130 ms. Found 1 JPA repository interfaces.
2026-03-07 11:34:06.693  INFO 17688 --- [           main] o.hibernate.jpa.internal.util.LogHelper  : HHH000204: Processing PersistenceUnitInfo [name: default]
2026-03-07 11:34:06.799  INFO 17688 --- [           main] org.hibernate.Version                    : HHH000412: Hibernate ORM core version 5.6.14.Final
2026-03-07 11:34:07.271  INFO 17688 --- [           main] o.hibernate.annotations.common.Version   : HCANN000001: Hibernate Commons Annotations {5.1.2.Final}
2026-03-07 11:34:07.476  INFO 17688 --- [           main] com.zaxxer.hikari.HikariDataSource       : HikariPool-1 - Starting...
2026-03-07 11:34:07.902  INFO 17688 --- [           main] com.zaxxer.hikari.HikariDataSource       : HikariPool-1 - Start completed.
2026-03-07 11:34:07.934  INFO 17688 --- [           main] org.hibernate.dialect.Dialect            : HHH000400: Using dialect: org.hibernate.dialect.MySQL8Dialect
2026-03-07 11:34:09.724  INFO 17688 --- [           main] o.h.e.t.j.p.i.JtaPlatformInitiator       : HHH000490: Using JtaPlatform implementation: [org.hibernate.engine.transaction.jta.platform.internal.NoJtaPlatform]
2026-03-07 11:34:09.736  INFO 17688 --- [           main] j.LocalContainerEntityManagerFactoryBean : Initialized JPA EntityManagerFactory for persistence unit 'default'
2026-03-07 11:34:10.906  WARN 17688 --- [           main] JpaBaseConfiguration$JpaWebConfiguration : spring.jpa.open-in-view is enabled by default. Therefore, database queries may be performed during view rendering. Explicitly configure spring.jpa.open-in-view to disable this warning
2026-03-07 11:34:13.133  INFO 17688 --- [           main] o.s.b.a.e.web.EndpointLinksResolver      : Exposing 13 endpoint(s) beneath base path '/actuator'
2026-03-07 11:34:13.199  INFO 17688 --- [           main] t.e.s.c.s.EtudiantServiceImplTest        : Started EtudiantServiceImplTest in 12.263 seconds (JVM running for 17.46)
Hibernate: insert into etudiant (nom_etudiant, opt, prenom_etudiant) values (?, ?, ?)
Hibernate: select etudiant0_.id_etudiant as id_etudi1_0_, etudiant0_.nom_etudiant as nom_etud2_0_, etudiant0_.opt as opt3_0_, etudiant0_.prenom_etudiant as prenom_e4_0_ from etudiant etudiant0_
]]></system-out>
  </testcase>
  <testcase name="afficherEtudiantById" classname="tn.esprit.spring.crudetudiant.services.EtudiantServiceImplTest" time="0.053">
    <system-out><![CDATA[Hibernate: insert into etudiant (nom_etudiant, opt, prenom_etudiant) values (?, ?, ?)
Hibernate: select etudiant0_.id_etudiant as id_etudi1_0_0_, etudiant0_.nom_etudiant as nom_etud2_0_0_, etudiant0_.opt as opt3_0_0_, etudiant0_.prenom_etudiant as prenom_e4_0_0_ from etudiant etudiant0_ where etudiant0_.id_etudiant=?
]]></system-out>
  </testcase>
  <testcase name="ajouterEtudiant" classname="tn.esprit.spring.crudetudiant.services.EtudiantServiceImplTest" time="0.023">
    <system-out><![CDATA[Hibernate: insert into etudiant (nom_etudiant, opt, prenom_etudiant) values (?, ?, ?)
]]></system-out>
  </testcase>
  <testcase name="modifierEtudiant" classname="tn.esprit.spring.crudetudiant.services.EtudiantServiceImplTest" time="0.083">
    <system-out><![CDATA[Hibernate: insert into etudiant (nom_etudiant, opt, prenom_etudiant) values (?, ?, ?)
Hibernate: select etudiant0_.id_etudiant as id_etudi1_0_0_, etudiant0_.nom_etudiant as nom_etud2_0_0_, etudiant0_.opt as opt3_0_0_, etudiant0_.prenom_etudiant as prenom_e4_0_0_ from etudiant etudiant0_ where etudiant0_.id_etudiant=?
Hibernate: update etudiant set nom_etudiant=?, opt=?, prenom_etudiant=? where id_etudiant=?
]]></system-out>
  </testcase>
  <testcase name="supprimerEtudiant" classname="tn.esprit.spring.crudetudiant.services.EtudiantServiceImplTest" time="0.076">
    <system-out><![CDATA[Hibernate: insert into etudiant (nom_etudiant, opt, prenom_etudiant) values (?, ?, ?)
Hibernate: select etudiant0_.id_etudiant as id_etudi1_0_0_, etudiant0_.nom_etudiant as nom_etud2_0_0_, etudiant0_.opt as opt3_0_0_, etudiant0_.prenom_etudiant as prenom_e4_0_0_ from etudiant etudiant0_ where etudiant0_.id_etudiant=?
Hibernate: delete from etudiant where id_etudiant=?
Hibernate: select etudiant0_.id_etudiant as id_etudi1_0_0_, etudiant0_.nom_etudiant as nom_etud2_0_0_, etudiant0_.opt as opt3_0_0_, etudiant0_.prenom_etudiant as prenom_e4_0_0_ from etudiant etudiant0_ where etudiant0_.id_etudiant=?
]]></system-out>
  </testcase>
</testsuite>